<?xml version="1.0" encoding="UTF-8"?>
<!-- Generated by org.testng.reporters.JUnitXMLReporter -->
<testsuite ignored="5" hostname="DESKTOP-P3B6T5T" failures="0" tests="1" name="Default test" time="1.479" errors="0" timestamp="04 Feb 2024 17:10:30 GMT">
  <testcase classname="RestAPIBDD.APIOperationsTest" name="DeleteOperation" time="1.454"/>
  <testcase classname="RestAPIBDD.APIOperationsTest" name="GetOperation" time="0.0">
    <ignored/>
  </testcase> <!-- GetOperation -->
  <testcase classname="RestAPIBDD.APIOperationsTest" name="GetOperationwithParam" time="0.0">
    <ignored/>
  </testcase> <!-- GetOperationwithParam -->
  <testcase classname="RestAPIBDD.APIOperationsTest" name="PostOperation" time="0.0">
    <ignored/>
  </testcase> <!-- PostOperation -->
  <testcase classname="RestAPIBDD.APIOperationsTest" name="GetOperationwithQueryParam" time="0.0">
    <ignored/>
  </testcase> <!-- GetOperationwithQueryParam -->
  <testcase classname="RestAPIBDD.APIOperationsTest" name="PutOperation" time="0.0">
    <ignored/>
  </testcase> <!-- PutOperation -->
</testsuite> <!-- Default test -->
