<?xml version="1.0" encoding="UTF-8"?>
<testsuite xmlns:xsi="http://www.w3.org/2001/XMLSchema-instance" xsi:noNamespaceSchemaLocation="https://maven.apache.org/surefire/maven-surefire-plugin/xsd/surefire-test-report-3.0.xsd" version="3.0" name="TestSuite" time="4.084" tests="6" errors="0" skipped="0" failures="0">
  <properties>
[...]
</properties>
  <testcase name="DeleteOperation" classname="RestAPIBDD.APIOperationsTest" time="1.461">
    <system-out><![CDATA[[TestNGContentHandler] [WARN] It is strongly recommended to add "<!DOCTYPE suite SYSTEM "http://testng.org/testng-1.0.dtd" >" at the top of your file, otherwise TestNG may fail or not work as expected.
HTTP/1.1 200 OK
X-Powered-By: tinyhttp
Access-Control-Allow-Origin: *
Access-Control-Allow-Methods: GET, HEAD, PUT, PATCH, POST, DELETE
Access-Control-Allow-Headers: content-type
Content-Type: application/json
Date: Sun, 04 Feb 2024 17:31:54 GMT
Connection: keep-alive
Keep-Alive: timeout=5
Content-Length: 64

{
    "id": "9001",
    "Salary": "700000",
    "name": "MPA-Xavier"
}
]]></system-out>
  </testcase>
  <testcase name="GetOperation" classname="RestAPIBDD.APIOperationsTest" time="0.033">
    <system-out><![CDATA[[
    {
        "id": "1",
        "name": "Pankaj",
        "salary": "10000"
    },
    {
        "name": "David",
        "salary": "5000",
        "id": "2"
    },
    {
        "id": "6727",
        "name": "Emily",
        "salary": "20000"
    },
    {
        "id": "101",
        "name": "Antony",
        "salary": "10000"
    },
    {
        "name": "AntonyEmily",
        "salary": "99000",
        "id": "7840"
    },
    {
        "id": "3",
        "name": "Rakesh",
        "salary": "7000"
    },
    {
        "id": "9001",
        "Salary": "80000",
        "name": "MPAXavier"
    },
    {
        "id": "9001",
        "Salary": "80000",
        "name": "MPAXavier"
    },
    {
        "id": "9001",
        "Salary": "80000",
        "name": "MPAXavier"
    }
]
]]></system-out>
  </testcase>
  <testcase name="GetOperationwithParam" classname="RestAPIBDD.APIOperationsTest" time="0.618">
    <system-out><![CDATA[HTTP/1.1 200 OK
X-Powered-By: tinyhttp
Access-Control-Allow-Origin: *
Access-Control-Allow-Methods: GET, HEAD, PUT, PATCH, POST, DELETE
Access-Control-Allow-Headers: content-type
Content-Type: application/json
Date: Sun, 04 Feb 2024 17:31:55 GMT
Connection: keep-alive
Keep-Alive: timeout=5
Content-Length: 56

{
    "id": "1",
    "name": "Pankaj",
    "salary": "10000"
}
]]></system-out>
  </testcase>
  <testcase name="GetOperationwithQueryParam" classname="RestAPIBDD.APIOperationsTest" time="0.938">
    <system-out><![CDATA[HTTP/1.1 200 OK
Date: Sun, 04 Feb 2024 17:31:57 GMT
Server: Apache
Upgrade: h2,h2c
Connection: Upgrade, Keep-Alive
Cache-Control: max-age=600
Expires: Sun, 04 Feb 2024 17:41:57 GMT
Vary: Accept-Encoding,User-Agent
Content-Encoding: gzip
Content-Length: 116
Keep-Alive: timeout=2, max=500
Content-Type: text/html; charset=UTF-8

<html>
  <body>{"result:":{"statements":null},"message":{"ErrorCode:":3,"ErrorMsg:":"Login Credentials Incorrect"}}</body>
</html>
]]></system-out>
  </testcase>
  <testcase name="PostOperation" classname="RestAPIBDD.APIOperationsTest" time="0.234">
    <system-out><![CDATA[HTTP/1.1 201 Created
X-Powered-By: tinyhttp
Access-Control-Allow-Origin: *
Access-Control-Allow-Methods: GET, HEAD, PUT, PATCH, POST, DELETE
Access-Control-Allow-Headers: content-type
Content-Type: application/json
Date: Sun, 04 Feb 2024 17:31:56 GMT
Connection: keep-alive
Keep-Alive: timeout=5
Content-Length: 62

{
    "id": "9001",
    "Salary": "80000",
    "name": "MPAXavier"
}
]]></system-out>
  </testcase>
  <testcase name="PutOperation" classname="RestAPIBDD.APIOperationsTest" time="0.027">
    <system-out><![CDATA[HTTP/1.1 200 OK
X-Powered-By: tinyhttp
Access-Control-Allow-Origin: *
Access-Control-Allow-Methods: GET, HEAD, PUT, PATCH, POST, DELETE
Access-Control-Allow-Headers: content-type
Content-Type: application/json
Date: Sun, 04 Feb 2024 17:31:56 GMT
Connection: keep-alive
Keep-Alive: timeout=5
Content-Length: 64

{
    "id": "9001",
    "Salary": "700000",
    "name": "MPA-Xavier"
}
]]></system-out>
  </testcase>
</testsuite>