<?xml version="1.0" encoding="UTF-8"?>
<testng-results ignored="1" total="6" passed="5" failed="0" skipped="0">
  <reporter-output>
  </reporter-output>
  <suite started-at="2024-02-04T17:20:04Z" name="Suite" finished-at="2024-02-04T17:20:07Z" duration-ms="3499">
    <groups>
    </groups>
    <test started-at="2024-02-04T17:20:04Z" name="Test" finished-at="2024-02-04T17:20:07Z" duration-ms="3499">
      <class name="RestAPIBDD.APIOperationsTest">
        <test-method signature="GetOperation()[pri:0, instance:RestAPIBDD.APIOperationsTest@51133c06]" started-at="2024-02-04T17:20:04Z" name="GetOperation" finished-at="2024-02-04T17:20:05Z" duration-ms="1483" status="PASS">
          <reporter-output>
          </reporter-output>
        </test-method> <!-- GetOperation -->
        <test-method signature="GetOperationwithParam()[pri:0, instance:RestAPIBDD.APIOperationsTest@51133c06]" started-at="2024-02-04T17:20:05Z" name="GetOperationwithParam" finished-at="2024-02-04T17:20:06Z" duration-ms="648" status="PASS">
          <reporter-output>
          </reporter-output>
        </test-method> <!-- GetOperationwithParam -->
        <test-method signature="GetOperationwithQueryParam()[pri:0, instance:RestAPIBDD.APIOperationsTest@51133c06]" started-at="2024-02-04T17:20:06Z" name="GetOperationwithQueryParam" finished-at="2024-02-04T17:20:07Z" duration-ms="988" status="PASS">
          <reporter-output>
          </reporter-output>
        </test-method> <!-- GetOperationwithQueryParam -->
        <test-method signature="PostOperation()[pri:0, instance:RestAPIBDD.APIOperationsTest@51133c06]" started-at="2024-02-04T17:20:07Z" name="PostOperation" finished-at="2024-02-04T17:20:07Z" duration-ms="332" status="PASS">
          <reporter-output>
          </reporter-output>
        </test-method> <!-- PostOperation -->
        <test-method signature="PutOperation()[pri:0, instance:RestAPIBDD.APIOperationsTest@51133c06]" started-at="2024-02-04T17:20:07Z" name="PutOperation" finished-at="2024-02-04T17:20:07Z" duration-ms="25" status="PASS">
          <reporter-output>
          </reporter-output>
        </test-method> <!-- PutOperation -->
      </class> <!-- RestAPIBDD.APIOperationsTest -->
    </test> <!-- Test -->
  </suite> <!-- Suite -->
</testng-results>
