<?xml version="1.0" encoding="UTF-8"?>
<!-- Generated by org.testng.reporters.JUnitXMLReporter -->
<testsuite ignored="4" hostname="DESKTOP-P3B6T5T" failures="0" tests="4" name="Default test" time="0.066" errors="0" timestamp="24 Nov 2023 13:45:27 GMT">
  <testcase classname="testng.CardTest" name="TC01_CreditCardTest" time="0.009"/>
  <testcase classname="testng.LoanTest" name="TC00_PersonalLoan" time="0.001"/>
  <testcase classname="testng.LoanTest" name="TC01_CarLoan" time="0.004"/>
  <testcase classname="testng.LoanTest" name="TC01_HomeLoan" time="0.001"/>
  <testcase classname="testng.BaseClass" name="@AfterTest Method4" time="0.0">
    <ignored/>
  </testcase> <!-- @AfterTest Method4 -->
  <testcase classname="testng.BaseClass" name="@AfterTest Method4" time="0.0">
    <ignored/>
  </testcase> <!-- @AfterTest Method4 -->
  <testcase classname="testng.BaseClass" name="@BeforeTest Method3" time="0.0">
    <ignored/>
  </testcase> <!-- @BeforeTest Method3 -->
  <testcase classname="testng.BaseClass" name="@BeforeTest Method3" time="0.0">
    <ignored/>
  </testcase> <!-- @BeforeTest Method3 -->
</testsuite> <!-- Default test -->
