<?xml version="1.0" encoding="UTF-8"?>
<testsuite xmlns:xsi="http://www.w3.org/2001/XMLSchema-instance" xsi:noNamespaceSchemaLocation="https://maven.apache.org/surefire/maven-surefire-plugin/xsd/surefire-test-report-3.0.xsd" version="3.0" name="stepdefs.TestRunner" time="29.816" tests="8" errors="0" skipped="0" failures="0">
  <properties>
[...]
</properties>
  <testcase name="To add two numbers" classname="This feature will help to develop a calculator" time="4.941">
    <system-out><![CDATA[
@Calc
Scenario: To add two numbers        # src/test/java/features/NewCalculator.feature:8
  Given I have the calculator       # stepdefs.CalculatorStepdefs.i_have_the_calculator()
  When I add 5 and 4                # stepdefs.CalculatorStepdefs.i_add_and(int,int)
  Then I should get the result as 9 # stepdefs.CalculatorStepdefs.i_should_get_the_result_as(int)
]]></system-out>
    <system-err><![CDATA[Dec 10, 2023 7:41:24 PM io.cucumber.junit.Cucumber <init>
WARNING: By default Cucumber is running in --non-strict mode.
This default will change to --strict and --non-strict will be removed.
You can use --strict or @CucumberOptions(strict = true) to suppress this warning
SLF4J: No SLF4J providers were found.
SLF4J: Defaulting to no-operation (NOP) logger implementation
SLF4J: See https://www.slf4j.org/codes.html#noProviders for further details.
Starting ChromeDriver 119.0.6045.105 (38c72552c5e15ba9b3117c0967a0fd105072d7c6-refs/branch-heads/6045@{#1103}) on port 16310
Only local connections are allowed.
Please see https://chromedriver.chromium.org/security-considerations for suggestions on keeping ChromeDriver safe.
ChromeDriver was started successfully.
Dec 10, 2023 7:41:27 PM org.openqa.selenium.remote.ProtocolHandshake createSession
INFO: Detected dialect: W3C
]]></system-err>
  </testcase>
  <testcase name="To sub two numbers" classname="This feature will help to develop a calculator" time="3.991">
    <system-out><![CDATA[
@Calc @Regression @Sanity
Scenario: To sub two numbers        # src/test/java/features/NewCalculator.feature:13
  Given I have the calculator       # stepdefs.CalculatorStepdefs.i_have_the_calculator()
  When I sub 12 and 4               # stepdefs.CalculatorStepdefs.i_sub_and(int,int)
  Then I should get the result as 8 # stepdefs.CalculatorStepdefs.i_should_get_the_result_as(int)
]]></system-out>
    <system-err><![CDATA[Starting ChromeDriver 119.0.6045.105 (38c72552c5e15ba9b3117c0967a0fd105072d7c6-refs/branch-heads/6045@{#1103}) on port 21414
Only local connections are allowed.
Please see https://chromedriver.chromium.org/security-considerations for suggestions on keeping ChromeDriver safe.
ChromeDriver was started successfully.
Dec 10, 2023 7:41:31 PM org.openqa.selenium.remote.ProtocolHandshake createSession
INFO: Detected dialect: W3C
]]></system-err>
  </testcase>
  <testcase name="To add two number with multiple data set" classname="This feature will help to develop a calculator" time="3.074">
    <system-out><![CDATA[
@Calc
Scenario Outline: To add two number with multiple data set # src/test/java/features/NewCalculator.feature:23
  Given I have the calculator                              # stepdefs.CalculatorStepdefs.i_have_the_calculator()
  When I add 7 and 9                                       # stepdefs.CalculatorStepdefs.i_add_and(int,int)
  Then I should get the result as 16                       # stepdefs.CalculatorStepdefs.i_should_get_the_result_as(int)
]]></system-out>
    <system-err><![CDATA[Starting ChromeDriver 119.0.6045.105 (38c72552c5e15ba9b3117c0967a0fd105072d7c6-refs/branch-heads/6045@{#1103}) on port 13182
Only local connections are allowed.
Please see https://chromedriver.chromium.org/security-considerations for suggestions on keeping ChromeDriver safe.
ChromeDriver was started successfully.
Dec 10, 2023 7:41:35 PM org.openqa.selenium.remote.ProtocolHandshake createSession
INFO: Detected dialect: W3C
]]></system-err>
  </testcase>
  <testcase name="To add two number with multiple data set" classname="This feature will help to develop a calculator" time="2.911">
    <system-out><![CDATA[
@Calc
Scenario Outline: To add two number with multiple data set # src/test/java/features/NewCalculator.feature:24
  Given I have the calculator                              # stepdefs.CalculatorStepdefs.i_have_the_calculator()
  When I add 12 and 13                                     # stepdefs.CalculatorStepdefs.i_add_and(int,int)
  Then I should get the result as 25                       # stepdefs.CalculatorStepdefs.i_should_get_the_result_as(int)
]]></system-out>
    <system-err><![CDATA[Starting ChromeDriver 119.0.6045.105 (38c72552c5e15ba9b3117c0967a0fd105072d7c6-refs/branch-heads/6045@{#1103}) on port 6899
Only local connections are allowed.
Please see https://chromedriver.chromium.org/security-considerations for suggestions on keeping ChromeDriver safe.
ChromeDriver was started successfully.
Dec 10, 2023 7:41:38 PM org.openqa.selenium.remote.ProtocolHandshake createSession
INFO: Detected dialect: W3C
]]></system-err>
  </testcase>
  <testcase name="To add two number with multiple data set" classname="This feature will help to develop a calculator" time="4.069">
    <system-out><![CDATA[
@Calc
Scenario Outline: To add two number with multiple data set # src/test/java/features/NewCalculator.feature:25
  Given I have the calculator                              # stepdefs.CalculatorStepdefs.i_have_the_calculator()
  When I add -8 and 18                                     # stepdefs.CalculatorStepdefs.i_add_and(int,int)
  Then I should get the result as 10                       # stepdefs.CalculatorStepdefs.i_should_get_the_result_as(int)
]]></system-out>
    <system-err><![CDATA[Starting ChromeDriver 119.0.6045.105 (38c72552c5e15ba9b3117c0967a0fd105072d7c6-refs/branch-heads/6045@{#1103}) on port 36451
Only local connections are allowed.
Please see https://chromedriver.chromium.org/security-considerations for suggestions on keeping ChromeDriver safe.
ChromeDriver was started successfully.
Dec 10, 2023 7:41:41 PM org.openqa.selenium.remote.ProtocolHandshake createSession
INFO: Detected dialect: W3C
[1702217503.935][SEVERE]: Unable to receive message from renderer
]]></system-err>
  </testcase>
  <testcase name="To add multiple numbers" classname="This feature will help to develop a calculator" time="3.432">
    <system-out><![CDATA[
@Calc
Scenario: To add multiple numbers    # src/test/java/features/NewCalculator.feature:28
  Given I have the calculator        # stepdefs.CalculatorStepdefs.i_have_the_calculator()
  When I add below numbers           # stepdefs.CalculatorStepdefs.i_add_below_numbers(java.util.List<java.lang.Integer>)
  Then I should get the result as 49 # stepdefs.CalculatorStepdefs.i_should_get_the_result_as(int)
]]></system-out>
    <system-err><![CDATA[Starting ChromeDriver 119.0.6045.105 (38c72552c5e15ba9b3117c0967a0fd105072d7c6-refs/branch-heads/6045@{#1103}) on port 19451
Only local connections are allowed.
Please see https://chromedriver.chromium.org/security-considerations for suggestions on keeping ChromeDriver safe.
ChromeDriver was started successfully.
Dec 10, 2023 7:41:45 PM org.openqa.selenium.remote.ProtocolHandshake createSession
INFO: Detected dialect: W3C
]]></system-err>
  </testcase>
  <testcase name="To calculate the total bill of all the items" classname="This feature will help to develop a calculator" time="3.432">
    <system-out><![CDATA[
@Calc
Scenario: To calculate the total bill of all the items # src/test/java/features/NewCalculator.feature:37
  Given I have the calculator                          # stepdefs.CalculatorStepdefs.i_have_the_calculator()
  When I buy below items with given price              # stepdefs.CalculatorStepdefs.i_buy_below_items_with_given_price(java.util.Map<java.lang.String, java.lang.Integer>)
  Then I should get the result as 170                  # stepdefs.CalculatorStepdefs.i_should_get_the_result_as(int)
]]></system-out>
    <system-err><![CDATA[Starting ChromeDriver 119.0.6045.105 (38c72552c5e15ba9b3117c0967a0fd105072d7c6-refs/branch-heads/6045@{#1103}) on port 16881
Only local connections are allowed.
Please see https://chromedriver.chromium.org/security-considerations for suggestions on keeping ChromeDriver safe.
ChromeDriver was started successfully.
Dec 10, 2023 7:41:48 PM org.openqa.selenium.remote.ProtocolHandshake createSession
INFO: Detected dialect: W3C
]]></system-err>
  </testcase>
  <testcase name="To calculate the total bill of all the items with different quantity" classname="This feature will help to develop a calculator" time="3.54">
    <system-out><![CDATA[
@Calc
Scenario: To calculate the total bill of all the items with different quantity # src/test/java/features/NewCalculator.feature:44
  Given I have the calculator                                                  # stepdefs.CalculatorStepdefs.i_have_the_calculator()
  When I buy below items with given price and quantity                         # stepdefs.CalculatorStepdefs.i_buy_below_items_with_given_price_and_quantity(io.cucumber.datatable.DataTable)
  Then I should get the result as 380                                          # stepdefs.CalculatorStepdefs.i_should_get_the_result_as(int)
]]></system-out>
    <system-err><![CDATA[Starting ChromeDriver 119.0.6045.105 (38c72552c5e15ba9b3117c0967a0fd105072d7c6-refs/branch-heads/6045@{#1103}) on port 65012
Only local connections are allowed.
Please see https://chromedriver.chromium.org/security-considerations for suggestions on keeping ChromeDriver safe.
ChromeDriver was started successfully.
Dec 10, 2023 7:41:52 PM org.openqa.selenium.remote.ProtocolHandshake createSession
INFO: Detected dialect: W3C
]]></system-err>
  </testcase>
</testsuite>