<?xml version="1.0" encoding="UTF-8"?>
<!-- Generated by org.testng.reporters.JUnitXMLReporter -->
<testsuite ignored="0" hostname="DESKTOP-P3B6T5T" failures="0" tests="3" name="Test" time="12.7" errors="0" timestamp="05 Jan 2024 06:37:37 GMT">
  <testcase classname="TestCases.LoginScenarios" name="LoginFailureTest" time="0.58"/>
  <testcase classname="TestCases.LoginScenarios" name="LoginSuccessTest" time="0.616"/>
  <testcase classname="TestCases.AddProductToCart" name="AddGivenProducttoCartbyname" time="0.942"/>
</testsuite> <!-- Test -->
