<?xml version="1.0" encoding="UTF-8"?>
<!-- Generated by org.testng.reporters.JUnitXMLReporter -->
<testsuite ignored="2" hostname="DESKTOP-P3B6T5T" failures="0" tests="2" name="Test" time="0.064" errors="0" timestamp="24 Nov 2023 14:16:01 GMT">
  <testcase classname="testng.CardTest" name="TC01_CreditCardTest" time="0.023"/>
  <testcase classname="testng.LoanTest" name="TC00_PersonalLoanTest" time="0.001"/>
  <testcase classname="testng.LoanTest" name="TC01_HomeLoanTest" time="0.0">
    <ignored/>
  </testcase> <!-- TC01_HomeLoanTest -->
  <testcase classname="testng.LoanTest" name="TC01_CarLoanTest" time="0.0">
    <ignored/>
  </testcase> <!-- TC01_CarLoanTest -->
</testsuite> <!-- Test -->
