<?xml version="1.0" encoding="UTF-8"?>
<testng-results ignored="0" total="2" passed="2" failed="0" skipped="0">
  <reporter-output>
  </reporter-output>
  <suite started-at="2023-11-24T15:44:56Z" name="Default suite" finished-at="2023-11-24T15:45:12Z" duration-ms="15984">
    <groups>
    </groups>
    <test started-at="2023-11-24T15:44:56Z" name="Default test" finished-at="2023-11-24T15:45:12Z" duration-ms="15984">
      <class name="testcases.LoginTest">
        <test-method is-config="true" signature="Setup()[pri:0, instance:testcases.LoginTest@4671115f]" started-at="2023-11-24T15:44:56Z" name="Setup" finished-at="2023-11-24T15:44:59Z" duration-ms="2317" status="PASS">
          <reporter-output>
          </reporter-output>
        </test-method> <!-- Setup -->
        <test-method signature="LoginFailureTest()[pri:0, instance:testcases.LoginTest@4671115f]" started-at="2023-11-24T15:44:59Z" name="LoginFailureTest" finished-at="2023-11-24T15:45:04Z" duration-ms="5583" status="PASS">
          <reporter-output>
          </reporter-output>
        </test-method> <!-- LoginFailureTest -->
        <test-method is-config="true" signature="TearDown()[pri:0, instance:testcases.LoginTest@4671115f]" started-at="2023-11-24T15:45:04Z" name="TearDown" finished-at="2023-11-24T15:45:04Z" duration-ms="166" status="PASS">
          <reporter-output>
          </reporter-output>
        </test-method> <!-- TearDown -->
        <test-method is-config="true" signature="Setup()[pri:0, instance:testcases.LoginTest@4671115f]" started-at="2023-11-24T15:45:04Z" name="Setup" finished-at="2023-11-24T15:45:06Z" duration-ms="1816" status="PASS">
          <reporter-output>
          </reporter-output>
        </test-method> <!-- Setup -->
        <test-method signature="LoginSuccessTest()[pri:0, instance:testcases.LoginTest@4671115f]" started-at="2023-11-24T15:45:06Z" name="LoginSuccessTest" finished-at="2023-11-24T15:45:12Z" duration-ms="5958" status="PASS">
          <reporter-output>
          </reporter-output>
        </test-method> <!-- LoginSuccessTest -->
        <test-method is-config="true" signature="TearDown()[pri:0, instance:testcases.LoginTest@4671115f]" started-at="2023-11-24T15:45:12Z" name="TearDown" finished-at="2023-11-24T15:45:12Z" duration-ms="123" status="PASS">
          <reporter-output>
          </reporter-output>
        </test-method> <!-- TearDown -->
      </class> <!-- testcases.LoginTest -->
    </test> <!-- Default test -->
  </suite> <!-- Default suite -->
</testng-results>
