<?xml version="1.0" encoding="UTF-8"?>
<!-- Generated by org.testng.reporters.JUnitXMLReporter -->
<testsuite ignored="0" hostname="DESKTOP-P3B6T5T" failures="0" tests="3" name="Test" time="13.97" errors="0" timestamp="05 Jan 2024 07:29:39 GMT">
  <testcase classname="TestCases.LoginScenarios" name="LoginFailureTest" time="0.747"/>
  <testcase classname="TestCases.LoginScenarios" name="LoginSuccessTest" time="1.005"/>
  <testcase classname="TestCases.AddProductToCart" name="AddGivenProducttoCartbyname" time="1.438"/>
</testsuite> <!-- Test -->
