<?xml version="1.0" encoding="UTF-8"?>
<!-- Generated by org.testng.reporters.JUnitXMLReporter -->
<testsuite ignored="0" hostname="DESKTOP-P3B6T5T" failures="0" tests="6" name="Test" time="3.331" errors="0" timestamp="04 Feb 2024 17:31:56 GMT">
  <testcase classname="RestAPIBDD.APIOperationsTest" name="DeleteOperation" time="1.455"/>
  <testcase classname="RestAPIBDD.APIOperationsTest" name="GetOperation" time="0.04"/>
  <testcase classname="RestAPIBDD.APIOperationsTest" name="GetOperationwithParam" time="0.62"/>
  <testcase classname="RestAPIBDD.APIOperationsTest" name="GetOperationwithQueryParam" time="0.938"/>
  <testcase classname="RestAPIBDD.APIOperationsTest" name="PostOperation" time="0.231"/>
  <testcase classname="RestAPIBDD.APIOperationsTest" name="PutOperation" time="0.027"/>
</testsuite> <!-- Test -->
