<?xml version="1.0" encoding="UTF-8"?>
<testng-results ignored="0" total="3" passed="3" failed="0" skipped="0">
  <reporter-output>
  </reporter-output>
  <suite started-at="2024-01-05T06:37:24Z" name="Suite" finished-at="2024-01-05T06:37:37Z" duration-ms="12700">
    <groups>
    </groups>
    <test started-at="2024-01-05T06:37:24Z" name="Test" finished-at="2024-01-05T06:37:37Z" duration-ms="12700">
      <class name="TestCases.AddProductToCart">
        <test-method is-config="true" signature="Setup()[pri:0, instance:TestCases.AddProductToCart@3697186]" started-at="2024-01-05T06:37:33Z" name="Setup" finished-at="2024-01-05T06:37:36Z" duration-ms="3047" status="PASS">
          <reporter-output>
          </reporter-output>
        </test-method> <!-- Setup -->
        <test-method signature="AddGivenProducttoCartbyname()[pri:0, instance:TestCases.AddProductToCart@3697186]" started-at="2024-01-05T06:37:36Z" name="AddGivenProducttoCartbyname" finished-at="2024-01-05T06:37:37Z" duration-ms="942" status="PASS">
          <reporter-output>
          </reporter-output>
        </test-method> <!-- AddGivenProducttoCartbyname -->
        <test-method is-config="true" signature="TearDown()[pri:0, instance:TestCases.AddProductToCart@3697186]" started-at="2024-01-05T06:37:37Z" name="TearDown" finished-at="2024-01-05T06:37:37Z" duration-ms="201" status="PASS">
          <reporter-output>
          </reporter-output>
        </test-method> <!-- TearDown -->
      </class> <!-- TestCases.AddProductToCart -->
      <class name="TestCases.LoginScenarios">
        <test-method is-config="true" signature="Setup()[pri:0, instance:TestCases.LoginScenarios@36cda2c2]" started-at="2024-01-05T06:37:24Z" name="Setup" finished-at="2024-01-05T06:37:28Z" duration-ms="4031" status="PASS">
          <reporter-output>
          </reporter-output>
        </test-method> <!-- Setup -->
        <test-method signature="LoginFailureTest()[pri:0, instance:TestCases.LoginScenarios@36cda2c2]" started-at="2024-01-05T06:37:28Z" name="LoginFailureTest" finished-at="2024-01-05T06:37:29Z" duration-ms="580" status="PASS">
          <reporter-output>
          </reporter-output>
        </test-method> <!-- LoginFailureTest -->
        <test-method is-config="true" signature="TearDown()[pri:0, instance:TestCases.LoginScenarios@36cda2c2]" started-at="2024-01-05T06:37:29Z" name="TearDown" finished-at="2024-01-05T06:37:29Z" duration-ms="235" status="PASS">
          <reporter-output>
          </reporter-output>
        </test-method> <!-- TearDown -->
        <test-method is-config="true" signature="Setup()[pri:0, instance:TestCases.LoginScenarios@36cda2c2]" started-at="2024-01-05T06:37:29Z" name="Setup" finished-at="2024-01-05T06:37:32Z" duration-ms="2784" status="PASS">
          <reporter-output>
          </reporter-output>
        </test-method> <!-- Setup -->
        <test-method signature="LoginSuccessTest()[pri:0, instance:TestCases.LoginScenarios@36cda2c2]" started-at="2024-01-05T06:37:32Z" name="LoginSuccessTest" finished-at="2024-01-05T06:37:32Z" duration-ms="616" status="PASS">
          <reporter-output>
          </reporter-output>
        </test-method> <!-- LoginSuccessTest -->
        <test-method is-config="true" signature="TearDown()[pri:0, instance:TestCases.LoginScenarios@36cda2c2]" started-at="2024-01-05T06:37:32Z" name="TearDown" finished-at="2024-01-05T06:37:33Z" duration-ms="220" status="PASS">
          <reporter-output>
          </reporter-output>
        </test-method> <!-- TearDown -->
      </class> <!-- TestCases.LoginScenarios -->
    </test> <!-- Test -->
  </suite> <!-- Suite -->
</testng-results>
