<?xml version="1.0" encoding="UTF-8"?>
<testsuite xmlns:xsi="http://www.w3.org/2001/XMLSchema-instance" xsi:noNamespaceSchemaLocation="https://maven.apache.org/surefire/maven-surefire-plugin/xsd/surefire-test-report-3.0.xsd" version="3.0" name="stepdefs.TestRunner" time="10.532" tests="1" errors="0" skipped="0" failures="0">
  <properties>
[...]
</properties>
  <testcase name="This scenario will be used to Place the Order" classname="This feature will be used to automate PizzaHut Website" time="10.17">
    <system-out><![CDATA[
@Regression
Scenario: This scenario will be used to Place the Order # src/test/java/features/pizzahut.feature:4
  Given I have launched the application                 # stepdefs.Pizzahutstepdefs.i_have_launched_the_application()
  When I enter the location as "Chennai"                # stepdefs.Pizzahutstepdefs.i_enter_the_location_as(java.lang.String)
  And I select the very first suggestion from the list  # stepdefs.Pizzahutstepdefs.i_select_the_very_first_suggestion_from_the_list()
  Then I should land on the Deals page                  # stepdefs.Pizzahutstepdefs.i_should_land_on_the_Deals_page()
  And I select the tab as "Pizzas"                      # stepdefs.Pizzahutstepdefs.i_select_the_tab_as(java.lang.String)
  And I select the pizza as "Mazedar Makhni Paneer"     # stepdefs.Pizzahutstepdefs.i_select_the_pizza_as(java.lang.String)
  Then I should see the pizza is added to the cart      # stepdefs.Pizzahutstepdefs.i_should_see_the_pizza_is_added_to_the_cart()
  And I click on the Checkout button                    # stepdefs.Pizzahutstepdefs.i_click_on_the_Checkout_button()
  Then I should be landed on the secured checkout page  # stepdefs.Pizzahutstepdefs.i_should_be_landed_on_the_secured_checkout_page()
  And I enter the personal details                      # stepdefs.Pizzahutstepdefs.i_enter_the_personal_details(io.cucumber.datatable.DataTable)
  And I enter the address details                       # stepdefs.Pizzahutstepdefs.i_enter_the_address_details(java.util.List<java.lang.String>)
  Then I should see three payment options               # stepdefs.Pizzahutstepdefs.i_should_see_three_payment_options(java.util.List<java.lang.String>)
  But I select the payment option as "Cash"             # stepdefs.Pizzahutstepdefs.i_select_the_payment_option_as(java.lang.String)
]]></system-out>
    <system-err><![CDATA[Jan 04, 2024 6:41:55 PM io.cucumber.junit.Cucumber <init>
WARNING: By default Cucumber is running in --non-strict mode.
This default will change to --strict and --non-strict will be removed.
You can use --strict or @CucumberOptions(strict = true) to suppress this warning
SLF4J: No SLF4J providers were found.
SLF4J: Defaulting to no-operation (NOP) logger implementation
SLF4J: See https://www.slf4j.org/codes.html#noProviders for further details.
Starting ChromeDriver 120.0.6099.109 (3419140ab665596f21b385ce136419fde0924272-refs/branch-heads/6099@{#1483}) on port 9965
Only local connections are allowed.
Please see https://chromedriver.chromium.org/security-considerations for suggestions on keeping ChromeDriver safe.
ChromeDriver was started successfully.
Jan 04, 2024 6:41:58 PM org.openqa.selenium.remote.ProtocolHandshake createSession
INFO: Detected dialect: W3C
[1704373926.231][SEVERE]: Unable to receive message from renderer
]]></system-err>
  </testcase>
</testsuite>